#
# A fatal error has been detected by the Java Runtime Environment:
#
#  SIGSEGV (0xb) at pc=0x00007f703054fca6, pid=1958, tid=140119633819392
#
# JRE version: OpenJDK Runtime Environment (7.0_60-b30) (build 1.7.0_60-b30)
# Java VM: OpenJDK 64-Bit Server VM (24.60-b09 mixed mode linux-amd64 compressed oops)
# Problematic frame:
# V  [libjvm.so+0x96eca6]
#
# Failed to write core dump. Core dumps have been disabled. To enable core dumping, try "ulimit -c unlimited" before starting Java again
#
# If you would like to submit a bug report, please include
# instructions on how to reproduce the bug and visit:
#   http://icedtea.classpath.org/bugzilla
#

---------------  T H R E A D  ---------------

Current thread (0x00007f70280b5800):  JavaThread "JDWP Transport Listener: dt_socket" daemon [_thread_in_vm, id=1975, stack(0x00007f7024eff000,0x00007f7025000000)]

siginfo:si_signo=SIGSEGV: si_errno=0, si_code=2 (SEGV_ACCERR), si_addr=0x00007f70316e6ff0

Registers:
RAX=0x00000000ec748f48, RBX=0x00007f6ff404e190, RCX=0x000000000000fca1, RDX=0x000000000000fca0
RSP=0x00007f7024ffe1b0, RBP=0x00007f7024ffe260, RSI=0x0000000000000000, RDI=0x0000000000000020
R8 =0x00007f6ff821e380, R9 =0x0000000000000000, R10=0x00007f6ff821c9c0, R11=0x000000000021d000
R12=0x00007f6ff404e790, R13=0x00007f70316e6fe8, R14=0x00007f7024ffe1f0, R15=0x0000000000000000
RIP=0x00007f703054fca6, EFLAGS=0x0000000000010246, CSGSFS=0x7c83000000000033, ERR=0x0000000000000004
  TRAPNO=0x000000000000000e

Top of Stack: (sp=0x00007f7024ffe1b0)
0x00007f7024ffe1b0:   00007f7024ffe7a0 00007f6ff815d040
0x00007f7024ffe1c0:   00007f70317e3a08 00007f70250060d8
0x00007f7024ffe1d0:   00007f7025005310 0000000000000000
0x00007f7024ffe1e0:   00007f70317e3a48 00007f70317e3a08
0x00007f7024ffe1f0:   00007f70317e3a08 00007f70250060d8
0x00007f7024ffe200:   00007f7025005310 0000000000000000
0x00007f7024ffe210:   00007f70317e3a48 00007f70317e3a08
0x00007f7024ffe220:   0000000000000000 7c83c80d7fd3c100
0x00007f7024ffe230:   00007f70280ad470 00007f70280ad470
0x00007f7024ffe240:   0000000000000000 00007f702800b000
0x00007f7024ffe250:   00007f6ff8004270 00007f702800b000
0x00007f7024ffe260:   00007f7024ffe340 00007f703028cd48
0x00007f7024ffe270:   00007f70280b5fe0 000000000000001f
0x00007f7024ffe280:   00007f7024ffe2f0 00007f70305063e9
0x00007f7024ffe290:   00000000000083b0 000000017fd3c100
0x00007f7024ffe2a0:   00007f70280b5800 00007f6ff4055b68
0x00007f7024ffe2b0:   00007f6ff404e790 00007f6ff404db80
0x00007f7024ffe2c0:   00007f70280036b0 00007f70280ad470
0x00007f7024ffe2d0:   00007f7024ffe340 00007f70305063e9
0x00007f7024ffe2e0:   00007f70317e39b8 7c83c80d7fd3c100
0x00007f7024ffe2f0:   00007f7025005310 0000000000000001
0x00007f7024ffe300:   00007f70309ca2f8 7c83c80d7fd3c100
0x00007f7024ffe310:   00007f6ff8004270 0000000000000001
0x00007f7024ffe320:   00007f70309ca2f8 00007f702800b000
0x00007f7024ffe330:   00007f6ff8004270 00007f6ff404e190
0x00007f7024ffe340:   00007f7024ffe9d0 00007f703028d1b5
0x00007f7024ffe350:   00000000000003d8 00000000000003d8
0x00007f7024ffe360:   00007f70280ad470 00007f70280b63b8
0x00007f7024ffe370:   00007f70280b5fe0 00007f6ff8004270
0x00007f7024ffe380:   00007f7024ffe3a0 00007f70280b5fd0
0x00007f7024ffe390:   00007f70280b5800 00007f70280036b0
0x00007f7024ffe3a0:   00007f70280b5800 00007f70280ad4a0 

Instructions: (pc=0x00007f703054fca6)
0x00007f703054fc86:   89 45 b0 48 8b 43 30 48 89 45 b8 e8 3a f3 ba ff
0x00007f703054fc96:   49 39 c5 0f 82 11 01 00 00 31 f6 bf 20 00 00 00
0x00007f703054fca6:   4d 8b 7d 08 e8 31 8b f0 ff 48 85 c0 49 89 c0 74
0x00007f703054fcb6:   17 4c 89 38 48 c7 40 10 00 00 00 00 4c 89 68 08 

Register to memory mapping:

RAX=0x00000000ec748f48 is an oop
java.lang.Error 
 - klass: 'java/lang/Error'
RBX=0x00007f6ff404e190 is an unknown value
RCX=0x000000000000fca1 is an unknown value
RDX=0x000000000000fca0 is an unknown value
RSP=0x00007f7024ffe1b0 is pointing into the stack for thread: 0x00007f70280b5800
RBP=0x00007f7024ffe260 is pointing into the stack for thread: 0x00007f70280b5800
RSI=0x0000000000000000 is an unknown value
RDI=0x0000000000000020 is an unknown value
R8 =0x00007f6ff821e380 is an unknown value
R9 =0x0000000000000000 is an unknown value
R10=0x00007f6ff821c9c0 is an unknown value
R11=0x000000000021d000 is an unknown value
R12=0x00007f6ff404e790 is an unknown value
R13=0x00007f70316e6fe8 is pointing into the stack for thread: 0x00007f702800b000
R14=0x00007f7024ffe1f0 is pointing into the stack for thread: 0x00007f70280b5800
R15=0x0000000000000000 is an unknown value


Stack: [0x00007f7024eff000,0x00007f7025000000],  sp=0x00007f7024ffe1b0,  free space=1020k
Native frames: (J=compiled Java code, j=interpreted, Vv=VM code, C=native code)
V  [libjvm.so+0x96eca6]
V  [libjvm.so+0x6abd48]
V  [libjvm.so+0x6ac1b5]
V  [libjvm.so+0x6a136e]
V  [libjvm.so+0x65abc7]
C  [libjdwp.so+0x9da6]
C  [libjdwp.so+0x11178]
C  [libjdwp.so+0x22c25]
V  [libjvm.so+0x6c22f1]
V  [libjvm.so+0x929208]
V  [libjvm.so+0x929491]
V  [libjvm.so+0x7ebc42]


---------------  P R O C E S S  ---------------

Java Threads: ( => current thread )
  0x00007f70280c0800 JavaThread "Service Thread" daemon [_thread_blocked, id=1984, stack(0x00007f70249fa000,0x00007f7024afb000)]
  0x00007f70280be800 JavaThread "C2 CompilerThread1" daemon [_thread_blocked, id=1983, stack(0x00007f7024afb000,0x00007f7024bfc000)]
  0x00007f70280bb800 JavaThread "C2 CompilerThread0" daemon [_thread_blocked, id=1982, stack(0x00007f7024bfc000,0x00007f7024cfd000)]
  0x00007f6ff8001000 JavaThread "JDWP Command Reader" daemon [_thread_in_native, id=1977, stack(0x00007f7024cfd000,0x00007f7024dfe000)]
  0x00007f70280b9000 JavaThread "JDWP Event Helper Thread" daemon [_thread_blocked, id=1976, stack(0x00007f7024dfe000,0x00007f7024eff000)]
=>0x00007f70280b5800 JavaThread "JDWP Transport Listener: dt_socket" daemon [_thread_in_vm, id=1975, stack(0x00007f7024eff000,0x00007f7025000000)]
  0x00007f70280a8800 JavaThread "Signal Dispatcher" daemon [_thread_blocked, id=1973, stack(0x00007f702c2e7000,0x00007f702c3e8000)]
  0x00007f702807c800 JavaThread "Finalizer" daemon [_thread_blocked, id=1971, stack(0x00007f702c3e8000,0x00007f702c4e9000)]
  0x00007f702807a800 JavaThread "Reference Handler" daemon [_thread_blocked, id=1970, stack(0x00007f702c4e9000,0x00007f702c5ea000)]
  0x00007f702800b000 JavaThread "main" [_thread_blocked, id=1960, stack(0x00007f70316e4000,0x00007f70317e5000)]

Other Threads:
  0x00007f7028076000 VMThread [stack: 0x00007f702c5ea000,0x00007f702c6eb000] [id=1969]
  0x00007f70280c3000 WatcherThread [stack: 0x00007f70248f9000,0x00007f70249fa000] [id=1985]

VM state:not at safepoint (normal execution)

VM Mutex/Monitor currently owned by a thread: None

Heap
 PSYoungGen      total 17920K, used 921K [0x00000000ec680000, 0x00000000eda80000, 0x0000000100000000)
  eden space 15360K, 6% used [0x00000000ec680000,0x00000000ec7667a0,0x00000000ed580000)
  from space 2560K, 0% used [0x00000000ed800000,0x00000000ed800000,0x00000000eda80000)
  to   space 2560K, 0% used [0x00000000ed580000,0x00000000ed580000,0x00000000ed800000)
 ParOldGen       total 39936K, used 0K [0x00000000c5400000, 0x00000000c7b00000, 0x00000000ec680000)
  object space 39936K, 0% used [0x00000000c5400000,0x00000000c5400000,0x00000000c7b00000)
 PSPermGen       total 21504K, used 2825K [0x00000000bae00000, 0x00000000bc300000, 0x00000000c5400000)
  object space 21504K, 13% used [0x00000000bae00000,0x00000000bb0c24f8,0x00000000bc300000)

Card table byte_map: [0x00007f702e0b0000,0x00007f702e2da000] byte_map_base: 0x00007f702dad9000

Polling page: 0x00007f7031827000

Code Cache  [0x00007f7025000000, 0x00007f7025270000, 0x00007f7028000000)
 total_blobs=173 nmethods=1 adapters=135 free_code_cache=48773Kb largest_free_block=49927104

Compilation events (2 events):
Event: 0,521 Thread 0x00007f70280bb800    1             java.lang.String::indexOf (70 bytes)
Event: 0,543 Thread 0x00007f70280bb800 nmethod 1 0x00007f702505f510 code [0x00007f702505f660, 0x00007f702505f828]

GC Heap History (0 events):
No events

Deoptimization events (0 events):
No events

Internal exceptions (10 events):
Event: 0,507 Thread 0x00007f702800b000 Threw 0x00000000ec72eff0 at /build/java7-openjdk/src/icedtea-2.5.0/openjdk/hotspot/src/share/vm/prims/jvm.cpp:1247
Event: 0,509 Thread 0x00007f702800b000 Threw 0x00000000ec731628 at /build/java7-openjdk/src/icedtea-2.5.0/openjdk/hotspot/src/share/vm/prims/jvm.cpp:1247
Event: 0,510 Thread 0x00007f702800b000 Threw 0x00000000ec734ff0 at /build/java7-openjdk/src/icedtea-2.5.0/openjdk/hotspot/src/share/vm/prims/jvm.cpp:1247
Event: 0,511 Thread 0x00007f702800b000 Threw 0x00000000ec7370e0 at /build/java7-openjdk/src/icedtea-2.5.0/openjdk/hotspot/src/share/vm/prims/jvm.cpp:1247
Event: 0,511 Thread 0x00007f702800b000 Threw 0x00000000ec73b308 at /build/java7-openjdk/src/icedtea-2.5.0/openjdk/hotspot/src/share/vm/prims/jvm.cpp:1247
Event: 0,514 Thread 0x00007f702800b000 Threw 0x00000000ec73d360 at /build/java7-openjdk/src/icedtea-2.5.0/openjdk/hotspot/src/share/vm/prims/jvm.cpp:1247
Event: 0,517 Thread 0x00007f702800b000 Threw 0x00000000ec741aa0 at /build/java7-openjdk/src/icedtea-2.5.0/openjdk/hotspot/src/share/vm/prims/jvm.cpp:1247
Event: 0,519 Thread 0x00007f702800b000 Threw 0x00000000ec7433b8 at /build/java7-openjdk/src/icedtea-2.5.0/openjdk/hotspot/src/share/vm/prims/jvm.cpp:1247
Event: 0,519 Thread 0x00007f702800b000 Threw 0x00000000ec744ff0 at /build/java7-openjdk/src/icedtea-2.5.0/openjdk/hotspot/src/share/vm/prims/jvm.cpp:1247
Event: 0,521 Thread 0x00007f702800b000 Threw 0x00000000ec746f70 at /build/java7-openjdk/src/icedtea-2.5.0/openjdk/hotspot/src/share/vm/prims/jvm.cpp:1247

Events (10 events):
Event: 22,249 Executing VM operation: RedefineClasses
Event: 22,249 Executing VM operation: RedefineClasses done
Event: 22,253 Executing VM operation: EnterInterpOnlyMode
Event: 22,253 Executing VM operation: EnterInterpOnlyMode done
Event: 22,254 Executing VM operation: GetCurrentLocation
Event: 22,254 Executing VM operation: GetCurrentLocation done
Event: 22,254 Executing VM operation: ChangeSingleStep
Event: 22,254 Executing VM operation: ChangeSingleStep done
Event: 22,254 Executing VM operation: ChangeSingleStep
Event: 22,254 Executing VM operation: ChangeSingleStep done


Dynamic libraries:
00400000-00401000 r-xp 00000000 08:04 921669                             /usr/lib/jvm/java-7-openjdk/jre/bin/java
00600000-00601000 rw-p 00000000 08:04 921669                             /usr/lib/jvm/java-7-openjdk/jre/bin/java
0183a000-0185b000 rw-p 00000000 00:00 0                                  [heap]
bae00000-bc300000 rw-p 00000000 00:00 0 
bc300000-c5400000 rw-p 00000000 00:00 0 
c5400000-c7b00000 rw-p 00000000 00:00 0 
c7b00000-ec680000 rw-p 00000000 00:00 0 
ec680000-eda80000 rw-p 00000000 00:00 0 
eda80000-100000000 rw-p 00000000 00:00 0 
7f6fe0000000-7f6fe0021000 rw-p 00000000 00:00 0 
7f6fe0021000-7f6fe4000000 ---p 00000000 00:00 0 
7f6fe8000000-7f6fe8021000 rw-p 00000000 00:00 0 
7f6fe8021000-7f6fec000000 ---p 00000000 00:00 0 
7f6fec000000-7f6fec021000 rw-p 00000000 00:00 0 
7f6fec021000-7f6ff0000000 ---p 00000000 00:00 0 
7f6ff0000000-7f6ff0021000 rw-p 00000000 00:00 0 
7f6ff0021000-7f6ff4000000 ---p 00000000 00:00 0 
7f6ff4000000-7f6ff406e000 rw-p 00000000 00:00 0 
7f6ff406e000-7f6ff8000000 ---p 00000000 00:00 0 
7f6ff8000000-7f6ff822a000 rw-p 00000000 00:00 0 
7f6ff822a000-7f6ffc000000 ---p 00000000 00:00 0 
7f6ffc000000-7f6ffc021000 rw-p 00000000 00:00 0 
7f6ffc021000-7f7000000000 ---p 00000000 00:00 0 
7f7000000000-7f7000021000 rw-p 00000000 00:00 0 
7f7000021000-7f7004000000 ---p 00000000 00:00 0 
7f7004000000-7f7004021000 rw-p 00000000 00:00 0 
7f7004021000-7f7008000000 ---p 00000000 00:00 0 
7f7008000000-7f7008021000 rw-p 00000000 00:00 0 
7f7008021000-7f700c000000 ---p 00000000 00:00 0 
7f700c000000-7f700c021000 rw-p 00000000 00:00 0 
7f700c021000-7f7010000000 ---p 00000000 00:00 0 
7f7010000000-7f7010021000 rw-p 00000000 00:00 0 
7f7010021000-7f7014000000 ---p 00000000 00:00 0 
7f7014000000-7f7014021000 rw-p 00000000 00:00 0 
7f7014021000-7f7018000000 ---p 00000000 00:00 0 
7f7018000000-7f7018021000 rw-p 00000000 00:00 0 
7f7018021000-7f701c000000 ---p 00000000 00:00 0 
7f701dd70000-7f7020000000 rw-p 00000000 00:00 0 
7f7020000000-7f7020021000 rw-p 00000000 00:00 0 
7f7020021000-7f7024000000 ---p 00000000 00:00 0 
7f7024858000-7f70248f9000 rw-p 00000000 00:00 0 
7f70248f9000-7f70248fa000 ---p 00000000 00:00 0 
7f70248fa000-7f70249fa000 rw-p 00000000 00:00 0                          [stack:1985]
7f70249fa000-7f70249fd000 ---p 00000000 00:00 0 
7f70249fd000-7f7024afb000 rw-p 00000000 00:00 0                          [stack:1984]
7f7024afb000-7f7024afe000 ---p 00000000 00:00 0 
7f7024afe000-7f7024bfc000 rw-p 00000000 00:00 0                          [stack:1983]
7f7024bfc000-7f7024bff000 ---p 00000000 00:00 0 
7f7024bff000-7f7024cfd000 rw-p 00000000 00:00 0                          [stack:1982]
7f7024cfd000-7f7024d00000 ---p 00000000 00:00 0 
7f7024d00000-7f7024dfe000 rw-p 00000000 00:00 0                          [stack:1977]
7f7024dfe000-7f7024e01000 ---p 00000000 00:00 0 
7f7024e01000-7f7024eff000 rw-p 00000000 00:00 0                          [stack:1976]
7f7024eff000-7f7024f02000 ---p 00000000 00:00 0 
7f7024f02000-7f7025000000 rw-p 00000000 00:00 0                          [stack:1975]
7f7025000000-7f7025270000 rwxp 00000000 00:00 0 
7f7025270000-7f7028102000 rw-p 00000000 00:00 0 
7f7028102000-7f702c000000 ---p 00000000 00:00 0 
7f702c069000-7f702c0e3000 rw-p 00000000 00:00 0 
7f702c0e3000-7f702c0e7000 r-xp 00000000 08:04 921662                     /usr/lib/jvm/java-7-openjdk/jre/lib/amd64/libdt_socket.so
7f702c0e7000-7f702c2e6000 ---p 00004000 08:04 921662                     /usr/lib/jvm/java-7-openjdk/jre/lib/amd64/libdt_socket.so
7f702c2e6000-7f702c2e7000 rw-p 00003000 08:04 921662                     /usr/lib/jvm/java-7-openjdk/jre/lib/amd64/libdt_socket.so
7f702c2e7000-7f702c2ea000 ---p 00000000 00:00 0 
7f702c2ea000-7f702c3e8000 rw-p 00000000 00:00 0                          [stack:1973]
7f702c3e8000-7f702c3eb000 ---p 00000000 00:00 0 
7f702c3eb000-7f702c4e9000 rw-p 00000000 00:00 0                          [stack:1971]
7f702c4e9000-7f702c4ec000 ---p 00000000 00:00 0 
7f702c4ec000-7f702c5ea000 rw-p 00000000 00:00 0                          [stack:1970]
7f702c5ea000-7f702c5eb000 ---p 00000000 00:00 0 
7f702c5eb000-7f702d6c7000 rw-p 00000000 00:00 0                          [stack:1969]
7f702d6c7000-7f702d878000 r--s 01d1f000 08:04 914292                     /usr/lib/jvm/java-7-openjdk/jre/lib/rt.jar
7f702d878000-7f702db72000 rw-p 00000000 00:00 0 
7f702db72000-7f702db73000 ---p 00000000 00:00 0 
7f702db73000-7f702dc73000 rw-p 00000000 00:00 0                          [stack:1965]
7f702dc73000-7f702dc74000 ---p 00000000 00:00 0 
7f702dc74000-7f702dd74000 rw-p 00000000 00:00 0                          [stack:1964]
7f702dd74000-7f702dd75000 ---p 00000000 00:00 0 
7f702dd75000-7f702de75000 rw-p 00000000 00:00 0                          [stack:1963]
7f702de75000-7f702de76000 ---p 00000000 00:00 0 
7f702de76000-7f702df8a000 rw-p 00000000 00:00 0                          [stack:1962]
7f702df8a000-7f702e0b0000 rw-p 00000000 00:00 0 
7f702e0b0000-7f702e0bb000 rw-p 00000000 00:00 0 
7f702e0bb000-7f702e103000 rw-p 00000000 00:00 0 
7f702e103000-7f702e117000 rw-p 00000000 00:00 0 
7f702e117000-7f702e23c000 rw-p 00000000 00:00 0 
7f702e23c000-7f702e247000 rw-p 00000000 00:00 0 
7f702e247000-7f702e2d9000 rw-p 00000000 00:00 0 
7f702e2d9000-7f702e2e4000 rw-p 00000000 00:00 0 
7f702e2e4000-7f702e39a000 rw-p 00000000 00:00 0 
7f702e39a000-7f702e3a2000 r-xp 00000000 08:04 914818                     /usr/lib/jvm/java-7-openjdk/jre/lib/amd64/libzip.so
7f702e3a2000-7f702e5a1000 ---p 00008000 08:04 914818                     /usr/lib/jvm/java-7-openjdk/jre/lib/amd64/libzip.so
7f702e5a1000-7f702e5a2000 rw-p 00007000 08:04 914818                     /usr/lib/jvm/java-7-openjdk/jre/lib/amd64/libzip.so
7f702e5a2000-7f702e5ad000 r-xp 00000000 08:04 134072                     /usr/lib/libnss_files-2.19.so
7f702e5ad000-7f702e7ac000 ---p 0000b000 08:04 134072                     /usr/lib/libnss_files-2.19.so
7f702e7ac000-7f702e7ad000 r--p 0000a000 08:04 134072                     /usr/lib/libnss_files-2.19.so
7f702e7ad000-7f702e7ae000 rw-p 0000b000 08:04 134072                     /usr/lib/libnss_files-2.19.so
7f702e7ae000-7f702e937000 r--p 00000000 08:04 174190                     /usr/lib/locale/locale-archive
7f702e937000-7f702e93a000 r-xp 00000000 08:04 914822                     /usr/lib/jvm/java-7-openjdk/jre/lib/amd64/libnpt.so
7f702e93a000-7f702eb39000 ---p 00003000 08:04 914822                     /usr/lib/jvm/java-7-openjdk/jre/lib/amd64/libnpt.so
7f702eb39000-7f702eb3a000 rw-p 00002000 08:04 914822                     /usr/lib/jvm/java-7-openjdk/jre/lib/amd64/libnpt.so
7f702eb3a000-7f702eb74000 r-xp 00000000 08:04 921661                     /usr/lib/jvm/java-7-openjdk/jre/lib/amd64/libjdwp.so
7f702eb74000-7f702ed73000 ---p 0003a000 08:04 921661                     /usr/lib/jvm/java-7-openjdk/jre/lib/amd64/libjdwp.so
7f702ed73000-7f702ed74000 rw-p 00039000 08:04 921661                     /usr/lib/jvm/java-7-openjdk/jre/lib/amd64/libjdwp.so
7f702ed74000-7f702ed75000 rw-p 00000000 00:00 0 
7f702ed75000-7f702eda1000 r-xp 00000000 08:04 914817                     /usr/lib/jvm/java-7-openjdk/jre/lib/amd64/libjava.so
7f702eda1000-7f702efa0000 ---p 0002c000 08:04 914817                     /usr/lib/jvm/java-7-openjdk/jre/lib/amd64/libjava.so
7f702efa0000-7f702efa2000 rw-p 0002b000 08:04 914817                     /usr/lib/jvm/java-7-openjdk/jre/lib/amd64/libjava.so
7f702efa2000-7f702efaf000 r-xp 00000000 08:04 914816                     /usr/lib/jvm/java-7-openjdk/jre/lib/amd64/libverify.so
7f702efaf000-7f702f1ae000 ---p 0000d000 08:04 914816                     /usr/lib/jvm/java-7-openjdk/jre/lib/amd64/libverify.so
7f702f1ae000-7f702f1b0000 rw-p 0000c000 08:04 914816                     /usr/lib/jvm/java-7-openjdk/jre/lib/amd64/libverify.so
7f702f1b0000-7f702f1b7000 r-xp 00000000 08:04 134073                     /usr/lib/librt-2.19.so
7f702f1b7000-7f702f3b6000 ---p 00007000 08:04 134073                     /usr/lib/librt-2.19.so
7f702f3b6000-7f702f3b7000 r--p 00006000 08:04 134073                     /usr/lib/librt-2.19.so
7f702f3b7000-7f702f3b8000 rw-p 00007000 08:04 134073                     /usr/lib/librt-2.19.so
7f702f3b8000-7f702f3ce000 r-xp 00000000 08:04 149741                     /usr/lib/libgcc_s.so.1
7f702f3ce000-7f702f5cd000 ---p 00016000 08:04 149741                     /usr/lib/libgcc_s.so.1
7f702f5cd000-7f702f5ce000 rw-p 00015000 08:04 149741                     /usr/lib/libgcc_s.so.1
7f702f5ce000-7f702f6d1000 r-xp 00000000 08:04 133997                     /usr/lib/libm-2.19.so
7f702f6d1000-7f702f8d0000 ---p 00103000 08:04 133997                     /usr/lib/libm-2.19.so
7f702f8d0000-7f702f8d1000 r--p 00102000 08:04 133997                     /usr/lib/libm-2.19.so
7f702f8d1000-7f702f8d2000 rw-p 00103000 08:04 133997                     /usr/lib/libm-2.19.so
7f702f8d2000-7f702f9c2000 r-xp 00000000 08:04 149829                     /usr/lib/libstdc++.so.6.0.20
7f702f9c2000-7f702fbc2000 ---p 000f0000 08:04 149829                     /usr/lib/libstdc++.so.6.0.20
7f702fbc2000-7f702fbca000 r--p 000f0000 08:04 149829                     /usr/lib/libstdc++.so.6.0.20
7f702fbca000-7f702fbcc000 rw-p 000f8000 08:04 149829                     /usr/lib/libstdc++.so.6.0.20
7f702fbcc000-7f702fbe1000 rw-p 00000000 00:00 0 
7f702fbe1000-7f7030728000 r-xp 00000000 08:04 921668                     /usr/lib/jvm/java-7-openjdk/jre/lib/amd64/server/libjvm.so
7f7030728000-7f7030928000 ---p 00b47000 08:04 921668                     /usr/lib/jvm/java-7-openjdk/jre/lib/amd64/server/libjvm.so
7f7030928000-7f70309ea000 rw-p 00b47000 08:04 921668                     /usr/lib/jvm/java-7-openjdk/jre/lib/amd64/server/libjvm.so
7f70309ea000-7f7030a16000 rw-p 00000000 00:00 0 
7f7030a16000-7f7030a2b000 r-xp 00000000 08:04 136955                     /usr/lib/libz.so.1.2.8
7f7030a2b000-7f7030c2a000 ---p 00015000 08:04 136955                     /usr/lib/libz.so.1.2.8
7f7030c2a000-7f7030c2b000 r--p 00014000 08:04 136955                     /usr/lib/libz.so.1.2.8
7f7030c2b000-7f7030c2c000 rw-p 00015000 08:04 136955                     /usr/lib/libz.so.1.2.8
7f7030c2c000-7f7030dd0000 r-xp 00000000 08:04 134080                     /usr/lib/libc-2.19.so
7f7030dd0000-7f7030fd0000 ---p 001a4000 08:04 134080                     /usr/lib/libc-2.19.so
7f7030fd0000-7f7030fd4000 r--p 001a4000 08:04 134080                     /usr/lib/libc-2.19.so
7f7030fd4000-7f7030fd6000 rw-p 001a8000 08:04 134080                     /usr/lib/libc-2.19.so
7f7030fd6000-7f7030fda000 rw-p 00000000 00:00 0 
7f7030fda000-7f7030fdd000 r-xp 00000000 08:04 134021                     /usr/lib/libdl-2.19.so
7f7030fdd000-7f70311dc000 ---p 00003000 08:04 134021                     /usr/lib/libdl-2.19.so
7f70311dc000-7f70311dd000 r--p 00002000 08:04 134021                     /usr/lib/libdl-2.19.so
7f70311dd000-7f70311de000 rw-p 00003000 08:04 134021                     /usr/lib/libdl-2.19.so
7f70311de000-7f70311eb000 r-xp 00000000 08:04 921664                     /usr/lib/jvm/java-7-openjdk/jre/lib/amd64/jli/libjli.so
7f70311eb000-7f70313ea000 ---p 0000d000 08:04 921664                     /usr/lib/jvm/java-7-openjdk/jre/lib/amd64/jli/libjli.so
7f70313ea000-7f70313eb000 rw-p 0000c000 08:04 921664                     /usr/lib/jvm/java-7-openjdk/jre/lib/amd64/jli/libjli.so
7f70313eb000-7f7031403000 r-xp 00000000 08:04 134097                     /usr/lib/libpthread-2.19.so
7f7031403000-7f7031603000 ---p 00018000 08:04 134097                     /usr/lib/libpthread-2.19.so
7f7031603000-7f7031604000 r--p 00018000 08:04 134097                     /usr/lib/libpthread-2.19.so
7f7031604000-7f7031605000 rw-p 00019000 08:04 134097                     /usr/lib/libpthread-2.19.so
7f7031605000-7f7031609000 rw-p 00000000 00:00 0 
7f7031609000-7f703162a000 r-xp 00000000 08:04 134055                     /usr/lib/ld-2.19.so
7f7031648000-7f703169c000 rw-p 00000000 00:00 0 
7f703169c000-7f70316e4000 rw-p 00000000 00:00 0 
7f70316e4000-7f70316e7000 ---p 00000000 00:00 0 
7f70316e7000-7f70317e9000 rw-p 00000000 00:00 0                          [stack:1960]
7f7031806000-7f703181e000 rw-p 00000000 00:00 0 
7f703181e000-7f7031826000 rw-s 00000000 00:1d 145363                     /tmp/hsperfdata_antoine/1958
7f7031826000-7f7031827000 rw-p 00000000 00:00 0 
7f7031827000-7f7031828000 r--p 00000000 00:00 0 
7f7031828000-7f7031829000 rw-p 00000000 00:00 0 
7f7031829000-7f703182a000 r--p 00020000 08:04 134055                     /usr/lib/ld-2.19.so
7f703182a000-7f703182b000 rw-p 00021000 08:04 134055                     /usr/lib/ld-2.19.so
7f703182b000-7f703182c000 rw-p 00000000 00:00 0 
7fffccd9d000-7fffccdbe000 rw-p 00000000 00:00 0                          [stack]
7fffccdd2000-7fffccdd4000 r-xp 00000000 00:00 0                          [vdso]
ffffffffff600000-ffffffffff601000 r-xp 00000000 00:00 0                  [vsyscall]

VM Arguments:
jvm_args: -agentlib:jdwp=transport=dt_socket,suspend=y,address=localhost:33037 -Dfile.encoding=UTF-8 
java_command: Main
Launcher Type: SUN_STANDARD

Environment Variables:
JAVA_HOME=/usr/lib/jvm/java-7-openjdk
PATH=/usr/local/sbin:/usr/local/bin:/usr/bin:/usr/bin/vendor_perl:/usr/bin/core_perl
LD_PRELOAD=
SHELL=/bin/bash
DISPLAY=:0

Signal Handlers:
SIGSEGV: [libjvm.so+0x97b9f0], sa_mask[0]=0x7ffbfeff, sa_flags=0x10000004
SIGBUS: [libjvm.so+0x97b9f0], sa_mask[0]=0x7ffbfeff, sa_flags=0x10000004
SIGFPE: [libjvm.so+0x7ea500], sa_mask[0]=0x7ffbfeff, sa_flags=0x10000004
SIGPIPE: [libjvm.so+0x7ea500], sa_mask[0]=0x7ffbfeff, sa_flags=0x10000004
SIGXFSZ: [libjvm.so+0x7ea500], sa_mask[0]=0x7ffbfeff, sa_flags=0x10000004
SIGILL: [libjvm.so+0x7ea500], sa_mask[0]=0x7ffbfeff, sa_flags=0x10000004
SIGUSR1: SIG_DFL, sa_mask[0]=0x00000000, sa_flags=0x00000000
SIGUSR2: [libjvm.so+0x7ea380], sa_mask[0]=0x00000004, sa_flags=0x10000004
SIGHUP: [libjvm.so+0x7ea580], sa_mask[0]=0x7ffbfeff, sa_flags=0x10000004
SIGINT: [libjvm.so+0x7ea580], sa_mask[0]=0x7ffbfeff, sa_flags=0x10000004
SIGTERM: [libjvm.so+0x7ea580], sa_mask[0]=0x7ffbfeff, sa_flags=0x10000004
SIGQUIT: [libjvm.so+0x7ea580], sa_mask[0]=0x7ffbfeff, sa_flags=0x10000004
SIGTRAP: SIG_DFL, sa_mask[0]=0x00000000, sa_flags=0x00000000


---------------  S Y S T E M  ---------------

OS:Linux
uname:Linux 3.14.6-1-ARCH #1 SMP PREEMPT Sun Jun 8 10:08:38 CEST 2014 x86_64
libc:glibc 2.19 NPTL 2.19 
rlimit: STACK 8192k, CORE 0k, NPROC 29989, NOFILE 4096, AS infinity
load average:1,24 1,33 1,49

/proc/meminfo:
MemTotal:        3847420 kB
MemFree:          197588 kB
MemAvailable:     576336 kB
Buffers:           70096 kB
Cached:           569408 kB
SwapCached:          428 kB
Active:          2357280 kB
Inactive:        1042620 kB
Active(anon):    2102316 kB
Inactive(anon):   789420 kB
Active(file):     254964 kB
Inactive(file):   253200 kB
Unevictable:          32 kB
Mlocked:              32 kB
SwapTotal:       4300796 kB
SwapFree:        4298524 kB
Dirty:               684 kB
Writeback:             0 kB
AnonPages:       2760488 kB
Mapped:           253868 kB
Shmem:            131120 kB
Slab:             113556 kB
SReclaimable:      79036 kB
SUnreclaim:        34520 kB
KernelStack:        4216 kB
PageTables:        50100 kB
NFS_Unstable:          0 kB
Bounce:                0 kB
WritebackTmp:          0 kB
CommitLimit:     6224504 kB
Committed_AS:    5892356 kB
VmallocTotal:   34359738367 kB
VmallocUsed:      569912 kB
VmallocChunk:   34359139152 kB
HardwareCorrupted:     0 kB
AnonHugePages:    577536 kB
HugePages_Total:       0
HugePages_Free:        0
HugePages_Rsvd:        0
HugePages_Surp:        0
Hugepagesize:       2048 kB
DirectMap4k:       10496 kB
DirectMap2M:     3977216 kB


CPU:total 4 (2 cores per cpu, 2 threads per core) family 6 model 37 stepping 2, cmov, cx8, fxsr, mmx, sse, sse2, sse3, ssse3, sse4.1, sse4.2, popcnt, ht, tsc, tscinvbit

/proc/cpuinfo:
processor	: 0
vendor_id	: GenuineIntel
cpu family	: 6
model		: 37
model name	: Intel(R) Core(TM) i5 CPU       M 430  @ 2.27GHz
stepping	: 2
microcode	: 0x9
cpu MHz		: 1999.000
cache size	: 3072 KB
physical id	: 0
siblings	: 4
core id		: 0
cpu cores	: 2
apicid		: 0
initial apicid	: 0
fpu		: yes
fpu_exception	: yes
cpuid level	: 11
wp		: yes
flags		: fpu vme de pse tsc msr pae mce cx8 apic sep mtrr pge mca cmov pat pse36 clflush dts acpi mmx fxsr sse sse2 ss ht tm pbe syscall nx rdtscp lm constant_tsc arch_perfmon pebs bts rep_good nopl xtopology nonstop_tsc aperfmperf pni dtes64 monitor ds_cpl vmx est tm2 ssse3 cx16 xtpr pdcm sse4_1 sse4_2 popcnt lahf_lm ida arat dtherm tpr_shadow vnmi flexpriority ept vpid
bogomips	: 4523.32
clflush size	: 64
cache_alignment	: 64
address sizes	: 36 bits physical, 48 bits virtual
power management:

processor	: 1
vendor_id	: GenuineIntel
cpu family	: 6
model		: 37
model name	: Intel(R) Core(TM) i5 CPU       M 430  @ 2.27GHz
stepping	: 2
microcode	: 0x9
cpu MHz		: 1199.000
cache size	: 3072 KB
physical id	: 0
siblings	: 4
core id		: 0
cpu cores	: 2
apicid		: 1
initial apicid	: 1
fpu		: yes
fpu_exception	: yes
cpuid level	: 11
wp		: yes
flags		: fpu vme de pse tsc msr pae mce cx8 apic sep mtrr pge mca cmov pat pse36 clflush dts acpi mmx fxsr sse sse2 ss ht tm pbe syscall nx rdtscp lm constant_tsc arch_perfmon pebs bts rep_good nopl xtopology nonstop_tsc aperfmperf pni dtes64 monitor ds_cpl vmx est tm2 ssse3 cx16 xtpr pdcm sse4_1 sse4_2 popcnt lahf_lm ida arat dtherm tpr_shadow vnmi flexpriority ept vpid
bogomips	: 4523.32
clflush size	: 64
cache_alignment	: 64
address sizes	: 36 bits physical, 48 bits virtual
power management:

processor	: 2
vendor_id	: GenuineIntel
cpu family	: 6
model		: 37
model name	: Intel(R) Core(TM) i5 CPU       M 430  @ 2.27GHz
stepping	: 2
microcode	: 0x9
cpu MHz		: 1999.000
cache size	: 3072 KB
physical id	: 0
siblings	: 4
core id		: 2
cpu cores	: 2
apicid		: 4
initial apicid	: 4
fpu		: yes
fpu_exception	: yes
cpuid level	: 11
wp		: yes
flags		: fpu vme de pse tsc msr pae mce cx8 apic sep mtrr pge mca cmov pat pse36 clflush dts acpi mmx fxsr sse sse2 ss ht tm pbe syscall nx rdtscp lm constant_tsc arch_perfmon pebs bts rep_good nopl xtopology nonstop_tsc aperfmperf pni dtes64 monitor ds_cpl vmx est tm2 ssse3 cx16 xtpr pdcm sse4_1 sse4_2 popcnt lahf_lm ida arat dtherm tpr_shadow vnmi flexpriority ept vpid
bogomips	: 4523.32
clflush size	: 64
cache_alignment	: 64
address sizes	: 36 bits physical, 48 bits virtual
power management:

processor	: 3
vendor_id	: GenuineIntel
cpu family	: 6
model		: 37
model name	: Intel(R) Core(TM) i5 CPU       M 430  @ 2.27GHz
stepping	: 2
microcode	: 0x9
cpu MHz		: 2267.000
cache size	: 3072 KB
physical id	: 0
siblings	: 4
core id		: 2
cpu cores	: 2
apicid		: 5
initial apicid	: 5
fpu		: yes
fpu_exception	: yes
cpuid level	: 11
wp		: yes
flags		: fpu vme de pse tsc msr pae mce cx8 apic sep mtrr pge mca cmov pat pse36 clflush dts acpi mmx fxsr sse sse2 ss ht tm pbe syscall nx rdtscp lm constant_tsc arch_perfmon pebs bts rep_good nopl xtopology nonstop_tsc aperfmperf pni dtes64 monitor ds_cpl vmx est tm2 ssse3 cx16 xtpr pdcm sse4_1 sse4_2 popcnt lahf_lm ida arat dtherm tpr_shadow vnmi flexpriority ept vpid
bogomips	: 4523.32
clflush size	: 64
cache_alignment	: 64
address sizes	: 36 bits physical, 48 bits virtual
power management:



Memory: 4k page, physical 3847420k(197588k free), swap 4300796k(4298524k free)

vm_info: OpenJDK 64-Bit Server VM (24.60-b09) for linux-amd64 JRE (1.7.0_60-b30), built on Jun 14 2014 12:20:02 by "nobody" with gcc 4.9.0 20140604 (prerelease)

time: Thu Jun 26 14:13:49 2014
elapsed time: 22 seconds

